\BOOKMARK [1][-]{section.1}{Introduzione}{}% 1
\BOOKMARK [1][-]{section.2}{Descrizione dei tipi di utente}{}% 2
\BOOKMARK [2][-]{subsection.2.1}{Utente non autenticato}{section.2}% 3
\BOOKMARK [2][-]{subsection.2.2}{Utente autenticato - Standard}{section.2}% 4
\BOOKMARK [2][-]{subsection.2.3}{Utente autenticato - Azienda}{section.2}% 5
\BOOKMARK [2][-]{subsection.2.4}{Utente autenticato - Amministratore}{section.2}% 6
\BOOKMARK [1][-]{section.3}{Analisi delle pagine}{}% 7
\BOOKMARK [2][-]{subsection.3.1}{Pagine di accesso e registrazione}{section.3}% 8
\BOOKMARK [3][-]{subsubsection.3.1.1}{Accedi}{subsection.3.1}% 9
\BOOKMARK [3][-]{subsubsection.3.1.2}{Iscriviti}{subsection.3.1}% 10
\BOOKMARK [2][-]{subsection.3.2}{Pagine accessibili da tutti}{section.3}% 11
\BOOKMARK [3][-]{subsubsection.3.2.1}{Header}{subsection.3.2}% 12
\BOOKMARK [3][-]{subsubsection.3.2.2}{Footer}{subsection.3.2}% 13
\BOOKMARK [3][-]{subsubsection.3.2.3}{Homepage}{subsection.3.2}% 14
\BOOKMARK [3][-]{subsubsection.3.2.4}{Macro-Categoria}{subsection.3.2}% 15
\BOOKMARK [3][-]{subsubsection.3.2.5}{Sotto-categoria}{subsection.3.2}% 16
\BOOKMARK [3][-]{subsubsection.3.2.6}{Chi siamo e Come funziona}{subsection.3.2}% 17
\BOOKMARK [3][-]{subsubsection.3.2.7}{Chi siamo e Come funziona}{subsection.3.2}% 18
\BOOKMARK [2][-]{subsection.3.3}{}{section.3}% 19
\BOOKMARK [2][-]{subsection.3.4}{}{section.3}% 20
\BOOKMARK [2][-]{subsection.3.5}{}{section.3}% 21
\BOOKMARK [1][-]{section.4}{Design}{}% 22
\BOOKMARK [2][-]{subsection.4.1}{Accessibilit\340}{section.4}% 23
\BOOKMARK [2][-]{subsection.4.2}{Responsive}{section.4}% 24
\BOOKMARK [2][-]{subsection.4.3}{Verifica}{section.4}% 25
\BOOKMARK [1][-]{section.5}{Progettazione tecnica}{}% 26
\BOOKMARK [2][-]{subsection.5.1}{Front-end}{section.5}% 27
\BOOKMARK [3][-]{subsubsection.5.1.1}{HTML}{subsection.5.1}% 28
\BOOKMARK [3][-]{subsubsection.5.1.2}{CSS}{subsection.5.1}% 29
\BOOKMARK [3][-]{subsubsection.5.1.3}{JavaScript}{subsection.5.1}% 30
\BOOKMARK [2][-]{subsection.5.2}{BackEnd}{section.5}% 31
\BOOKMARK [3][-]{subsubsection.5.2.1}{Database MySQL}{subsection.5.2}% 32
\BOOKMARK [3][-]{subsubsection.5.2.2}{PhP}{subsection.5.2}% 33
\BOOKMARK [3][-]{subsubsection.5.2.3}{Accessibilit\340}{subsection.5.2}% 34
\BOOKMARK [1][-]{section.6}{Suddivisone del lavoro}{}% 35
