\BOOKMARK [1][-]{section.1}{Analisi dei Requisiti}{}% 1
\BOOKMARK [1][-]{section.2}{Descrizione dell'interfaccia}{}% 2
\BOOKMARK [2][-]{subsection.2.1}{Utente non autenticato}{section.2}% 3
\BOOKMARK [2][-]{subsection.2.2}{Utente autenticato - Standard}{section.2}% 4
\BOOKMARK [2][-]{subsection.2.3}{Utente autenticato - Azienda}{section.2}% 5
\BOOKMARK [2][-]{subsection.2.4}{Utente autenticato - Amministratore}{section.2}% 6
\BOOKMARK [1][-]{section.3}{Design}{}% 7
\BOOKMARK [2][-]{subsection.3.1}{Accessibilit\340}{section.3}% 8
\BOOKMARK [2][-]{subsection.3.2}{Responsive}{section.3}% 9
\BOOKMARK [2][-]{subsection.3.3}{Verifica}{section.3}% 10
\BOOKMARK [1][-]{section.4}{Progettazione tecnica}{}% 11
\BOOKMARK [2][-]{subsection.4.1}{Front-end}{section.4}% 12
\BOOKMARK [3][-]{subsubsection.4.1.1}{HTML}{subsection.4.1}% 13
\BOOKMARK [3][-]{subsubsection.4.1.2}{CSS}{subsection.4.1}% 14
\BOOKMARK [3][-]{subsubsection.4.1.3}{JavaScript}{subsection.4.1}% 15
\BOOKMARK [2][-]{subsection.4.2}{BackEnd}{section.4}% 16
\BOOKMARK [3][-]{subsubsection.4.2.1}{Database MySQL}{subsection.4.2}% 17
\BOOKMARK [3][-]{subsubsection.4.2.2}{PhP}{subsection.4.2}% 18
\BOOKMARK [3][-]{subsubsection.4.2.3}{Accessibilit\340}{subsection.4.2}% 19
\BOOKMARK [1][-]{section.5}{Suddivisone del lavoro}{}% 20
